GROUP,PACKAGE,CLASS,INSTRUCTION_MISSED,INSTRUCTION_COVERED,BRANCH_MISSED,BRANCH_COVERED,LINE_MISSED,LINE_COVERED,COMPLEXITY_MISSED,COMPLEXITY_COVERED,METHOD_MISSED,METHOD_COVERED
Ogham Core,fr.sii.ogham.core.message.content,MultiContent,92,0,2,0,19,0,10,0,9,0
Ogham Core,fr.sii.ogham.core.message.content,EmailVariant,24,0,0,0,3,0,1,0,1,0
Ogham Core,fr.sii.ogham.core.message.content,ParsedContent,106,0,10,0,21,0,16,0,11,0
Ogham Core,fr.sii.ogham.core.message.content,TemplateContent,96,0,0,0,17,0,9,0,9,0
Ogham Core,fr.sii.ogham.core.message.content,MultiTemplateContent,98,0,2,0,20,0,10,0,9,0
Ogham Core,fr.sii.ogham.core.message.content,TemplateVariantContent,108,0,0,0,16,0,8,0,8,0
Ogham Core,fr.sii.ogham.core.message.content,StringContent,40,0,0,0,10,0,7,0,7,0
Ogham Core,fr.sii.ogham.core.message.content,StringTemplateContent,16,0,0,0,4,0,2,0,2,0
Ogham Core,fr.sii.ogham.email.exception.attachment.translator,ResourceTranslatorException,13,0,0,0,6,0,3,0,3,0
Ogham Core,fr.sii.ogham.core.condition.provider,RequiredPropertiesAnnotationProvider,0,72,0,6,0,12,0,5,0,2
Ogham Core,fr.sii.ogham.core.condition.provider,AnnotationConditionProvider,73,0,0,0,12,0,2,0,2,0
Ogham Core,fr.sii.ogham.core.condition.provider,RequiredPropertyAnnotationProvider,0,238,0,16,0,30,0,14,0,6
Ogham Core,fr.sii.ogham.core.condition.provider,ActivableAtRuntimeConditionProvider,15,0,2,0,4,0,3,0,2,0
Ogham Core,fr.sii.ogham.core.condition.provider,ImplementationConditionProvider,37,0,0,0,8,0,2,0,2,0
Ogham Core,fr.sii.ogham.core.condition.provider,RequiredClassAnnotationProvider,74,0,6,0,11,0,6,0,3,0
Ogham Core,fr.sii.ogham.core.condition.provider,RequiredClassesAnnotationProvider,69,0,6,0,11,0,5,0,2,0
Ogham Core,fr.sii.ogham.core.condition.provider,StaticConditionProvider,9,0,0,0,4,0,2,0,2,0
Ogham Core,fr.sii.ogham.core.convert,DefaultConverter,30,0,0,0,6,0,1,0,1,0
Ogham Core,fr.sii.ogham.core.convert,StringToArrayConverter,66,0,6,0,15,0,7,0,4,0
Ogham Core,fr.sii.ogham.core.convert,StringToBooleanConverter,97,0,10,0,22,0,9,0,4,0
Ogham Core,fr.sii.ogham.core.convert,StringToNumberConverter,293,0,68,0,60,0,41,0,7,0
Ogham Core,fr.sii.ogham.core.convert,DelegateConverter,68,0,6,0,15,0,8,0,5,0
Ogham Core,fr.sii.ogham.core.convert,NoConversionNeededConverter,9,0,0,0,3,0,3,0,3,0
Ogham Core,fr.sii.ogham.core.builder.charset,SimpleCharsetDetectorBuilder,47,0,2,0,12,0,5,0,4,0
Ogham Core,fr.sii.ogham.email.attachment,Attachment,289,0,4,0,64,0,32,0,30,0
Ogham Core,fr.sii.ogham.html.inliner.impl.jsoup,ImageInlineUtils,52,0,8,0,12,0,6,0,2,0
Ogham Core,fr.sii.ogham.html.inliner.impl.jsoup,JsoupBase64ImageInliner,104,0,8,0,17,0,7,0,3,0
Ogham Core,fr.sii.ogham.html.inliner.impl.jsoup,JsoupCssInliner,281,0,22,0,55,0,19,0,8,0
Ogham Core,fr.sii.ogham.html.inliner.impl.jsoup,JsoupAttachImageInliner,137,0,10,0,24,0,8,0,3,0
Ogham Core,fr.sii.ogham.sms.sender,PhoneNumberTranslatorSender,155,0,8,0,32,0,10,0,6,0
Ogham Core,fr.sii.ogham.sms.sender,SmsSender,26,0,0,0,9,0,4,0,4,0
Ogham Core,fr.sii.ogham.core.exception.builder,BuildException,13,0,0,0,6,0,3,0,3,0
Ogham Core,fr.sii.ogham.core.util.classpath,SimpleClasspathHelper,103,0,10,0,33,0,12,0,7,0
Ogham Core,fr.sii.ogham.core.exception.filler,FillMessageException,16,0,0,0,6,0,3,0,3,0
Ogham Core,fr.sii.ogham.core.builder.sender,SenderImplementationBuilderHelper,174,0,16,0,34,0,14,0,6,0
Ogham Core,fr.sii.ogham.sms.exception.message,PhoneNumberTranslatorException,13,0,0,0,6,0,3,0,3,0
Ogham Core,fr.sii.ogham.sms.exception.message,AddressingException,13,0,0,0,6,0,3,0,3,0
Ogham Core,fr.sii.ogham.sms.exception.message,EncodingException,13,0,0,0,6,0,3,0,3,0
Ogham Core,fr.sii.ogham.core.filler,AbstractMessageAwareFiller,90,0,14,0,20,0,13,0,6,0
Ogham Core,fr.sii.ogham.core.filler,EveryFillerDecorator,37,0,2,0,11,0,5,0,4,0
Ogham Core,fr.sii.ogham.core.filler,SubjectFiller,26,0,6,0,10,0,5,0,2,0
Ogham Core,fr.sii.ogham.core.template.context,BeanContext,47,0,0,0,9,0,5,0,5,0
Ogham Core,fr.sii.ogham.core.template.context,LocaleContext,27,0,0,0,9,0,5,0,5,0
Ogham Core,fr.sii.ogham.core.template.context,SimpleContext,50,0,0,0,11,0,6,0,6,0
Ogham Core,fr.sii.ogham.sms.builder,PhoneNumbersBuilder,45,0,4,0,10,0,6,0,4,0
Ogham Core,fr.sii.ogham.sms.builder,SenderNumberBuilder,44,0,4,0,13,0,7,0,5,0
Ogham Core,fr.sii.ogham.sms.builder,AutofillSmsBuilder,70,0,4,0,16,0,6,0,4,0
Ogham Core,fr.sii.ogham.sms.builder,AutofillDefaultPhoneNumberBuilder,5,0,0,0,2,0,1,0,1,0
Ogham Core,fr.sii.ogham.sms.builder,PhoneNumberTranslatorPair,15,0,0,0,6,0,3,0,3,0
Ogham Core,fr.sii.ogham.sms.builder,SmsBuilder,162,0,12,0,40,0,16,0,10,0
Ogham Core,fr.sii.ogham.sms.builder,RecipientNumberBuilder,44,0,4,0,13,0,7,0,5,0
Ogham Core,fr.sii.ogham.sms.builder,RecipientNumberFormatBuilder,78,0,10,0,18,0,10,0,5,0
Ogham Core,fr.sii.ogham.sms.builder,SenderNumberFormatBuilder,140,0,14,0,32,0,16,0,9,0
Ogham Core,fr.sii.ogham.core.util,ArrayUtils,33,0,0,0,6,0,2,0,2,0
Ogham Core,fr.sii.ogham.core.util,BuilderUtils,81,0,16,0,20,0,16,0,8,0
Ogham Core,fr.sii.ogham.core.util,BeanUtils.Options,15,0,0,0,6,0,3,0,3,0
Ogham Core,fr.sii.ogham.core.util,ClasspathUtils,17,0,0,0,7,0,4,0,4,0
Ogham Core,fr.sii.ogham.core.util,StringUtils,13,0,0,0,3,0,3,0,3,0
Ogham Core,fr.sii.ogham.core.util,EqualsBuilder,219,0,36,0,41,0,27,0,9,0
Ogham Core,fr.sii.ogham.core.util,BeanUtils,149,0,10,0,34,0,13,0,8,0
Ogham Core,fr.sii.ogham.core.util,HtmlUtils,101,0,10,0,23,0,10,0,5,0
Ogham Core,fr.sii.ogham.core.util,HashCodeBuilder,67,0,2,0,16,0,9,0,8,0
Ogham Core,fr.sii.ogham.core.util,IOUtils,8,22,0,0,2,4,2,2,2,2
Ogham Core,fr.sii.ogham.core.util,Base64Utils,4,0,0,0,1,0,1,0,1,0
Ogham Core,fr.sii.ogham.email.builder,EmailBuilder,250,0,28,0,66,0,29,0,15,0
Ogham Core,fr.sii.ogham.email.builder,ImageInliningBuilder,163,0,14,0,40,0,22,0,15,0
Ogham Core,fr.sii.ogham.email.builder,AttachImageBuilder,32,0,4,0,9,0,5,0,3,0
Ogham Core,fr.sii.ogham.email.builder,CidBuilder,12,0,0,0,5,0,3,0,3,0
Ogham Core,fr.sii.ogham.email.builder,AutofillDefaultEmailAddressBuilder,5,0,0,0,2,0,1,0,1,0
Ogham Core,fr.sii.ogham.email.builder,AttachmentHandlingBuilder,65,0,0,0,15,0,8,0,8,0
Ogham Core,fr.sii.ogham.email.builder,Base64InliningBuilder,8,0,0,0,3,0,2,0,2,0
Ogham Core,fr.sii.ogham.email.builder,AutofillEmailBuilder,156,0,22,0,36,0,19,0,8,0
Ogham Core,fr.sii.ogham.email.builder,ImageHandlingBuilder,30,0,4,0,9,0,5,0,3,0
Ogham Core,fr.sii.ogham.email.builder,CssInliningBuilder,84,0,4,0,22,0,13,0,11,0
Ogham Core,fr.sii.ogham.email.builder,CssHandlingBuilder,30,0,4,0,9,0,5,0,3,0
Ogham Core,fr.sii.ogham.email.builder,AutofillSubjectBuilder,97,0,8,0,24,0,10,0,6,0
Ogham Core,fr.sii.ogham.core.builder.mimetype,SimpleMimetypeDetectionBuilder,150,0,18,0,40,0,19,0,10,0
Ogham Core,fr.sii.ogham.core.builder.mimetype,TikaBuilderDelegate,26,0,0,0,8,0,4,0,4,0
Ogham Core,fr.sii.ogham.core.builder.mimetype,SimpleTikaBuilder,34,0,2,0,9,0,5,0,4,0
Ogham Core,fr.sii.ogham.core.builder.mimetype,SimpleReplaceMimetypeBuilder,82,0,2,0,16,0,7,0,6,0
Ogham Core,fr.sii.ogham.core.builder.mimetype,MimetypeDetectionBuilderDelegate,35,0,0,0,8,0,5,0,5,0
Ogham Core,fr.sii.ogham.core.builder.mimetype,ReplaceMimetypeBuilderDelegate,45,0,0,0,12,0,6,0,6,0
Ogham Core,fr.sii.ogham.core.builder.mimetype,SimpleReplaceMimetypeBuilder.ContainsReplacement,22,0,0,0,6,0,2,0,2,0
Ogham Core,fr.sii.ogham.core.builder.mimetype,SimpleReplaceMimetypeBuilder.PatternReplacement,17,0,0,0,5,0,2,0,2,0
Ogham Core,fr.sii.ogham.core.util.bean,DirectAccessor,0,9,0,0,0,4,0,2,0,2
Ogham Core,fr.sii.ogham.core.util.bean,DefaultRecursiveBeanReadWrapperFactory,0,11,0,0,0,2,0,2,0,2
Ogham Core,fr.sii.ogham.core.util.bean,MapRecursiveBeanReadWrapperFactory,0,12,0,0,0,2,0,2,0,2
Ogham Core,fr.sii.ogham.core.util.bean,ReadMethodAccessor,80,43,6,2,7,12,6,4,2,4
Ogham Core,fr.sii.ogham.core.util.bean,SimpleBeanReadWrapper,0,201,1,23,0,42,1,20,0,9
Ogham Core,fr.sii.ogham.core.util.bean,MapBeanReadWrapper.MapBeanReadWrapperEntry,65,18,14,0,19,6,11,3,4,3
Ogham Core,fr.sii.ogham.core.util.bean,FieldAccessor,67,18,8,0,10,7,7,2,3,2
Ogham Core,fr.sii.ogham.core.util.bean,MapBeanReadWrapper,41,98,2,8,8,24,9,14,7,11
Ogham Core,fr.sii.ogham.core.util.bean,RecursiveBeanReadWrapper,10,48,1,3,3,15,3,6,2,5
Ogham Core,fr.sii.ogham.core.util.bean,BeanWrapperUtils,24,105,5,17,4,26,6,11,1,5
Ogham Core,fr.sii.ogham.core.exception.retry,RetryExecutionInterruptedException,13,0,0,0,6,0,3,0,3,0
Ogham Core,fr.sii.ogham.core.exception.retry,RetryException,13,0,0,0,6,0,3,0,3,0
Ogham Core,fr.sii.ogham.core.exception.retry,MaximumAttemptsReachedException,10,0,0,0,4,0,2,0,2,0
Ogham Core,fr.sii.ogham.core.exception.retry,ExecutionFailedNotRetriedException,13,0,0,0,6,0,3,0,3,0
Ogham Core,fr.sii.ogham.core.exception.retry,RetryExecutionFailureException,13,0,0,0,6,0,3,0,3,0
Ogham Core,fr.sii.ogham.html.translator,InlineCssTranslator,170,0,14,0,39,0,14,0,7,0
Ogham Core,fr.sii.ogham.html.translator,XHTMLTranslator,5,0,0,0,2,0,2,0,2,0
Ogham Core,fr.sii.ogham.html.translator,ExpandCssPropertiesTranslator,5,0,0,0,2,0,2,0,2,0
Ogham Core,fr.sii.ogham.html.translator,InlineImageTranslator,275,0,18,0,61,0,19,0,10,0
Ogham Core,fr.sii.ogham.email.message,Recipient,82,0,0,0,15,0,8,0,8,0
Ogham Core,fr.sii.ogham.email.message,RecipientType,34,0,0,0,4,0,1,0,1,0
Ogham Core,fr.sii.ogham.email.message,Email,564,0,32,0,96,0,51,0,35,0
Ogham Core,fr.sii.ogham.email.message,EmailAddress,86,0,4,0,15,0,9,0,7,0
Ogham Core,fr.sii.ogham.core.template.detector,CompositeTemplateDetector,23,0,0,0,8,0,4,0,4,0
Ogham Core,fr.sii.ogham.core.template.detector,OrTemplateDetector,29,0,4,0,9,0,5,0,3,0
Ogham Core,fr.sii.ogham.core.template.detector,FixedEngineDetector,13,0,0,0,6,0,3,0,3,0
Ogham Core,fr.sii.ogham.core.template.detector,SimpleResourceEngineDetector,53,0,4,0,15,0,6,0,4,0
Ogham Core,fr.sii.ogham.email.filler,EmailFiller,105,0,24,0,18,0,15,0,3,0
Ogham Core,fr.sii.ogham.core.retry,SimpleRetryExecutor,108,0,6,0,27,0,8,0,5,0
Ogham Core,fr.sii.ogham.core.retry,FixedDelayRetry,38,0,2,0,10,0,7,0,6,0
Ogham Core,fr.sii.ogham.core.retry,NamedCallable,16,0,0,0,6,0,3,0,3,0
Ogham Core,fr.sii.ogham.sms.message.addressing,TypeOfNumber,126,0,4,0,16,0,6,0,4,0
Ogham Core,fr.sii.ogham.sms.message.addressing,AddressedPhoneNumber,90,0,4,0,12,0,8,0,6,0
Ogham Core,fr.sii.ogham.sms.message.addressing,NumberingPlanIndicator,159,0,4,0,19,0,6,0,4,0
Ogham Core,fr.sii.ogham.core.translator.resource,DefaultResourceTranslator,5,0,0,0,2,0,2,0,2,0
Ogham Core,fr.sii.ogham.core.translator.resource,EveryResourceTranslator,68,0,2,0,18,0,8,0,7,0
Ogham Core,fr.sii.ogham.core.translator.resource,LookupResourceTranslator,43,0,2,0,13,0,5,0,4,0
Ogham Core,fr.sii.ogham.core.exception.resource,NoResolverException,16,0,0,0,6,0,3,0,3,0
Ogham Core,fr.sii.ogham.core.exception.resource,ResourceResolutionException,18,7,0,0,7,3,3,1,3,1
Ogham Core,fr.sii.ogham.core.exception.template,BeanContextException,25,0,0,0,10,0,4,0,4,0
Ogham Core,fr.sii.ogham.core.exception.template,ParseException,37,0,0,0,14,0,5,0,5,0
Ogham Core,fr.sii.ogham.core.exception.template,EngineDetectionException,13,0,0,0,6,0,3,0,3,0
Ogham Core,fr.sii.ogham.core.exception.template,ContextException,13,0,0,0,6,0,3,0,3,0
Ogham Core,fr.sii.ogham.core.exception.template,BeanException,25,0,0,0,10,0,4,0,4,0
Ogham Core,fr.sii.ogham.core.exception.template,NoEngineDetectionException,4,0,0,0,2,0,1,0,1,0
Ogham Core,fr.sii.ogham.core.service,WrapExceptionMessagingService,75,0,0,0,16,0,2,0,2,0
Ogham Core,fr.sii.ogham.core.service,EverySupportingMessagingService,89,0,6,0,25,0,8,0,5,0
Ogham Core,fr.sii.ogham.core.builder.configurer,DefaultMessagingConfigurer,272,0,0,0,87,0,8,0,8,0
Ogham Core,fr.sii.ogham.core.builder.configurer,MessagingConfigurerAdapter,29,0,0,0,12,0,7,0,7,0
Ogham Core,fr.sii.ogham.core.id.generator,SequentialIdGenerator,24,0,0,0,6,0,3,0,3,0
Ogham Core,fr.sii.ogham.core.id.generator,UUIDGenerator,7,0,0,0,2,0,2,0,2,0
Ogham Core,fr.sii.ogham.core.exception.util,HttpException,13,0,0,0,6,0,3,0,3,0
Ogham Core,fr.sii.ogham.core.exception.util,PhoneNumberException,13,0,0,0,6,0,3,0,3,0
Ogham Core,fr.sii.ogham.core.exception.util,FieldAccessException,13,0,0,0,6,0,3,0,3,0
Ogham Core,fr.sii.ogham.core.exception.util,InvalidPropertyException,17,10,0,0,6,4,3,1,3,1
Ogham Core,fr.sii.ogham.core.exception.util,BeanWrapperException,5,4,0,0,2,2,1,1,1,1
Ogham Core,fr.sii.ogham.core.condition,RequiredClassCondition,48,0,0,0,9,0,5,0,5,0
Ogham Core,fr.sii.ogham.core.condition,OrCondition,26,28,0,4,5,9,3,5,3,3
Ogham Core,fr.sii.ogham.core.condition,PropertyValueCondition,66,21,0,0,5,6,3,2,3,2
Ogham Core,fr.sii.ogham.core.condition,CompositeCondition,33,24,0,0,5,8,4,4,4,4
Ogham Core,fr.sii.ogham.core.condition,RequiredPropertyCondition,52,15,0,0,5,5,3,2,3,2
Ogham Core,fr.sii.ogham.core.condition,PropertyPatternCondition,66,33,0,6,5,7,3,5,3,2
Ogham Core,fr.sii.ogham.core.condition,NotCondition,38,15,0,2,5,4,3,3,3,2
Ogham Core,fr.sii.ogham.core.condition,FixedCondition,35,9,0,0,5,4,3,2,3,2
Ogham Core,fr.sii.ogham.core.condition,AndCondition,20,34,0,4,3,11,2,6,2,4
Ogham Core,fr.sii.ogham.sms.filler,SmsFiller,47,0,12,0,8,0,9,0,3,0
Ogham Core,fr.sii.ogham.email.sender,AttachmentResourceTranslatorSender,105,0,4,0,21,0,7,0,5,0
Ogham Core,fr.sii.ogham.email.sender,EmailSender,26,0,0,0,9,0,4,0,4,0
Ogham Core,fr.sii.ogham.template.common.adapter,ExtensionMappingVariantResolver,151,0,10,0,26,0,11,0,6,0
Ogham Core,fr.sii.ogham.template.common.adapter,FirstExistingResourceVariantResolver,84,0,12,0,22,0,11,0,5,0
Ogham Core,fr.sii.ogham.template.common.adapter,FailIfNotFoundVariantResolver,34,0,2,0,6,0,4,0,3,0
Ogham Core,fr.sii.ogham.template.common.adapter,NullVariantResolver,7,0,0,0,3,0,3,0,3,0
Ogham Core,fr.sii.ogham.core.template.parser,AutoDetectTemplateParser,88,0,6,0,20,0,7,0,4,0
Ogham Core,fr.sii.ogham.core.template.parser,AutoDetectTemplateParser.TemplateImplementation,15,0,0,0,6,0,3,0,3,0
Ogham Core,fr.sii.ogham.template.exception,ResolverAdapterException,25,0,0,0,10,0,4,0,4,0
Ogham Core,fr.sii.ogham.template.exception,VariantResolutionException,12,0,0,0,4,0,2,0,2,0
Ogham Core,fr.sii.ogham.template.exception,NoResolverAdapterException,16,0,0,0,6,0,3,0,3,0
Ogham Core,fr.sii.ogham.template.exception,ResolverAdapterNotFoundException,9,0,0,0,4,0,2,0,2,0
Ogham Core,fr.sii.ogham.template.exception,UnknownVariantException,7,0,0,0,2,0,1,0,1,0
Ogham Core,fr.sii.ogham.template.exception,TemplateRuntimeException,13,0,0,0,6,0,3,0,3,0
Ogham Core,fr.sii.ogham.template.exception,ResolverAdapterConfigurationException,16,0,0,0,6,0,3,0,3,0
Ogham Core,fr.sii.ogham.sms.message,Contact,105,0,4,0,21,0,12,0,10,0
Ogham Core,fr.sii.ogham.sms.message,Sms,310,0,8,0,55,0,30,0,26,0
Ogham Core,fr.sii.ogham.sms.message,PhoneNumber,38,0,0,0,9,0,6,0,6,0
Ogham Core,fr.sii.ogham.sms.message,Sender,18,0,0,0,8,0,4,0,4,0
Ogham Core,fr.sii.ogham.sms.message,Recipient,18,0,0,0,8,0,4,0,4,0
Ogham Core,fr.sii.ogham.core.resource.resolver,FileResolver,53,34,1,1,8,10,4,3,3,3
Ogham Core,fr.sii.ogham.core.resource.resolver,ClassPathResolver,58,80,1,5,10,16,4,7,3,5
Ogham Core,fr.sii.ogham.core.resource.resolver,DefaultResourceResolver,44,0,4,0,10,0,7,0,5,0
Ogham Core,fr.sii.ogham.core.resource.resolver,RelativeResolver,177,0,10,0,25,0,15,0,10,0
Ogham Core,fr.sii.ogham.core.resource.resolver,StringResourceResolver,16,33,3,5,4,7,4,5,1,4
Ogham Core,fr.sii.ogham.core.resource.resolver,FirstSupportingResourceResolver,43,66,5,5,10,17,7,7,3,6
Ogham Core,fr.sii.ogham.core.resource.resolver,AbstractPrefixedLookupPathResolver,3,73,2,8,1,18,2,9,0,6
Ogham Core,fr.sii.ogham.core.builder.template,VariantWithExt,15,0,0,0,6,0,3,0,3,0
Ogham Core,fr.sii.ogham.core.builder.template,TemplateBuilderHelper,241,0,24,0,50,0,22,0,10,0
Ogham Core,fr.sii.ogham.core.mimetype,JavaActivationProvider,60,0,0,0,15,0,7,0,7,0
Ogham Core,fr.sii.ogham.core.mimetype,FallbackMimeTypeProvider,294,0,10,0,54,0,14,0,9,0
Ogham Core,fr.sii.ogham.core.mimetype,OverrideMimetypeProvider,102,0,2,0,22,0,9,0,8,0
Ogham Core,fr.sii.ogham.core.mimetype,FixedMimeTypeProvider,42,0,0,0,15,0,7,0,7,0
Ogham Core,fr.sii.ogham.core.mimetype,TikaProvider,163,0,4,0,39,0,11,0,9,0
Ogham Core,fr.sii.ogham.core.mimetype,JavaFilesProvider,63,0,2,0,13,0,7,0,6,0
Ogham Core,fr.sii.ogham.core.exception,MessagingException,9,4,0,0,4,2,2,1,2,1
Ogham Core,fr.sii.ogham.core.exception,MessagingRuntimeException,9,4,0,0,4,2,2,1,2,1
Ogham Core,fr.sii.ogham.core.exception,MessageException,25,0,0,0,10,0,4,0,4,0
Ogham Core,fr.sii.ogham.core.exception,MessageNotSentException,16,0,0,0,6,0,3,0,3,0
Ogham Core,fr.sii.ogham.core.builder.retry,RetryBuilder,35,0,4,0,9,0,5,0,3,0
Ogham Core,fr.sii.ogham.core.builder.retry,FixedDelayBuilder,142,0,20,0,31,0,18,0,8,0
Ogham Core,fr.sii.ogham.core.builder.retry,BuilderToRetryStrategyProviderBridge,11,0,0,0,4,0,2,0,2,0
Ogham Core,fr.sii.ogham.core.subject.provider,MultiContentSubjectProvider,43,0,6,0,13,0,5,0,2,0
Ogham Core,fr.sii.ogham.core.subject.provider,HtmlTitleSubjectProvider,25,0,6,0,7,0,5,0,2,0
Ogham Core,fr.sii.ogham.core.subject.provider,TextPrefixSubjectProvider,65,0,10,0,16,0,8,0,3,0
Ogham Core,fr.sii.ogham.core.subject.provider,FirstSupportingSubjectProvider,42,0,4,0,13,0,6,0,4,0
Ogham Core,fr.sii.ogham.core.builder.env,SimplePropertiesBuilder.Property,15,0,0,0,6,0,3,0,3,0
Ogham Core,fr.sii.ogham.core.builder.env,SimplePropertiesBuilder,45,0,2,0,10,0,4,0,3,0
Ogham Core,fr.sii.ogham.core.builder.env,SimpleEnvironmentBuilder.AbstractProps,9,0,0,0,4,0,1,0,1,0
Ogham Core,fr.sii.ogham.core.builder.env,SimpleEnvironmentBuilder.PriorityComparator,23,0,6,0,3,0,4,0,1,0
Ogham Core,fr.sii.ogham.core.builder.env,SimpleEnvironmentBuilder.PropsBuilder,13,0,0,0,4,0,2,0,2,0
Ogham Core,fr.sii.ogham.core.builder.env,SimpleEnvironmentBuilder,205,0,10,0,42,0,20,0,15,0
Ogham Core,fr.sii.ogham.core.builder.env,ConverterBuilderDelegate,26,0,0,0,8,0,4,0,4,0
Ogham Core,fr.sii.ogham.core.builder.env,PropertiesBuilderDelegate,20,0,0,0,6,0,3,0,3,0
Ogham Core,fr.sii.ogham.core.builder.env,SimpleEnvironmentBuilder.PropsPath,85,0,6,0,14,0,7,0,4,0
Ogham Core,fr.sii.ogham.core.builder.env,SimpleEnvironmentBuilder.Props,11,0,0,0,4,0,2,0,2,0
Ogham Core,fr.sii.ogham.core.builder.env,SimpleConverterBuilder,67,0,6,0,19,0,8,0,5,0
Ogham Core,fr.sii.ogham.core.builder.env,EnvironmentBuilderDelegate,93,0,0,0,23,0,13,0,13,0
Ogham Core,fr.sii.ogham.email.exception.javamail,AttachmentResourceHandlerException,25,0,0,0,10,0,4,0,4,0
Ogham Core,fr.sii.ogham.email.exception.javamail,NoAttachmentResourceHandlerException,5,0,0,0,2,0,1,0,1,0
Ogham Core,fr.sii.ogham.email.exception.javamail,NoContentHandlerException,5,0,0,0,2,0,1,0,1,0
Ogham Core,fr.sii.ogham.email.exception.javamail,ContentHandlerException,25,0,0,0,10,0,4,0,4,0
Ogham Core,fr.sii.ogham.core.builder,MessagingBuilder.PrioritizedConfigurer,19,0,0,0,7,0,4,0,4,0
Ogham Core,fr.sii.ogham.core.builder,MessagingBuilder,325,0,22,0,70,0,33,0,22,0
Ogham Core,fr.sii.ogham.core.builder,AbstractAutofillDefaultValueBuilder,49,0,4,0,9,0,5,0,3,0
Ogham Core,fr.sii.ogham.core.builder,MessagingBuilder.PriorityComparator,7,0,0,0,1,0,1,0,1,0
Ogham Core,fr.sii.ogham.core.builder,AbstractParent,9,0,0,0,4,0,2,0,2,0
Ogham Core,fr.sii.ogham.core.exception.handler,ContentTranslatorException,13,0,0,0,6,0,3,0,3,0
Ogham Core,fr.sii.ogham.core.resource,FileResource,55,15,0,0,7,6,6,2,6,2
Ogham Core,fr.sii.ogham.core.resource,LookupResource,98,0,4,0,18,0,10,0,8,0
Ogham Core,fr.sii.ogham.core.resource,SimpleResource,13,9,0,0,4,3,2,1,2,1
Ogham Core,fr.sii.ogham.core.resource,ByteResource,48,18,0,0,5,6,5,2,5,2
Ogham Core,fr.sii.ogham.core.charset,FixedCharsetDetector,58,0,0,0,11,0,8,0,8,0
Ogham Core,fr.sii.ogham.core.charset,SimpleCharsetMatch,15,0,0,0,6,0,3,0,3,0
Ogham Core,fr.sii.ogham.core.translator.content,EveryContentTranslator,68,0,2,0,18,0,8,0,7,0
Ogham Core,fr.sii.ogham.core.translator.content,DefaultContentTranslator,5,0,0,0,2,0,2,0,2,0
Ogham Core,fr.sii.ogham.core.translator.content,MultiContentTranslator,61,0,6,0,17,0,7,0,4,0
Ogham Core,fr.sii.ogham.core.translator.content,TemplateContentTranslator,82,0,6,0,25,0,9,0,6,0
Ogham Core,fr.sii.ogham.core.builder.resolution,FileResolutionBuilder,66,0,8,0,11,0,8,0,4,0
Ogham Core,fr.sii.ogham.core.builder.resolution,StringResolutionBuilder,12,0,0,0,3,0,2,0,2,0
Ogham Core,fr.sii.ogham.core.builder.resolution,ResourceResolutionBuilderHelper,169,0,14,0,35,0,14,0,7,0
Ogham Core,fr.sii.ogham.core.builder.resolution,ResourceResolutionBuilderHelper.PrefixComparator,56,0,8,0,13,0,5,0,1,0
Ogham Core,fr.sii.ogham.core.builder.resolution,StandaloneResourceResolutionBuilder,34,0,0,0,9,0,6,0,6,0
Ogham Core,fr.sii.ogham.core.builder.resolution,AbstractSingleResolutionBuilder,109,0,12,0,25,0,12,0,6,0
Ogham Core,fr.sii.ogham.core.builder.resolution,ResourceResolutionBuilderHelper.ResolverHelper,19,0,0,0,7,0,3,0,3,0
Ogham Core,fr.sii.ogham.core.builder.resolution,ClassPathResolutionBuilder,66,0,8,0,11,0,8,0,4,0
Ogham Core,fr.sii.ogham.email.exception.sendgrid,ContentHandlerException,9,0,0,0,4,0,2,0,2,0
Ogham Core,fr.sii.ogham.core.util.converter,EmailAddressConverter,33,0,4,0,7,0,6,0,4,0
Ogham Core,fr.sii.ogham.core.util.converter,SmsSenderConverter,33,0,4,0,7,0,6,0,4,0
Ogham Core,fr.sii.ogham.sms.message.addressing.translator,AbstractFixedPhoneNumberHandler,15,0,0,0,4,0,2,0,2,0
Ogham Core,fr.sii.ogham.sms.message.addressing.translator,DefaultHandler,7,0,0,0,3,0,2,0,2,0
Ogham Core,fr.sii.ogham.sms.message.addressing.translator,CompositePhoneNumberTranslator,61,0,6,0,12,0,6,0,3,0
Ogham Core,fr.sii.ogham.sms.message.addressing.translator,FixedPhoneNumberTranslator,19,0,0,0,5,0,2,0,2,0
Ogham Core,fr.sii.ogham.sms.message.addressing.translator,AlphanumericCodeNumberFormatHandler,19,0,6,0,3,0,5,0,2,0
Ogham Core,fr.sii.ogham.sms.message.addressing.translator,InternationalNumberFormatHandler,19,0,6,0,3,0,5,0,2,0
Ogham Core,fr.sii.ogham.sms.message.addressing.translator,ShortCodeNumberFormatHandler,19,0,6,0,3,0,5,0,2,0
Ogham Core,fr.sii.ogham.core.sender,MultiImplementationSender.Implementation,15,0,0,0,6,0,3,0,3,0
Ogham Core,fr.sii.ogham.core.sender,AbstractSpecializedSender,7,0,0,0,3,0,2,0,2,0
Ogham Core,fr.sii.ogham.core.sender,MultiImplementationSender,130,0,14,0,33,0,17,0,10,0
Ogham Core,fr.sii.ogham.core.sender,FallbackSender,71,0,2,0,17,0,6,0,5,0
Ogham Core,fr.sii.ogham.core.sender,ContentTranslatorSender,87,0,2,0,20,0,6,0,5,0
Ogham Core,fr.sii.ogham.core.sender,FillerSender,67,0,2,0,16,0,6,0,5,0
Ogham Core,fr.sii.ogham.html.inliner,ImageResource,36,0,0,0,12,0,6,0,6,0
Ogham Core,fr.sii.ogham.html.inliner,ContentWithImages,38,0,0,0,14,0,7,0,7,0
Ogham Core,fr.sii.ogham.html.inliner,EveryImageInliner,56,0,2,0,14,0,5,0,4,0
Ogham Core,fr.sii.ogham.html.inliner,ExternalCss,15,0,0,0,6,0,3,0,3,0
Ogham Core,fr.sii.ogham.html.inliner,ImageInlinerConstants.InlineModes,48,0,0,0,8,0,3,0,3,0
Ogham Core,fr.sii.ogham.email.message.content,ContentWithAttachments,84,0,8,0,20,0,14,0,10,0
Ogham Core,fr.sii.ogham.core,CoreConstants,30,0,0,0,3,0,1,0,1,0
Ogham Core,fr.sii.ogham.core.exception.mimetype,MimeTypeException,13,0,0,0,6,0,3,0,3,0
Ogham Core,fr.sii.ogham.core.exception.mimetype,MimeTypeDetectionException,13,0,0,0,6,0,3,0,3,0
Ogham Core,fr.sii.ogham.core.env,FirstExistingPropertiesResolver,188,0,28,0,40,0,23,0,9,0
Ogham Core,fr.sii.ogham.core.env,JavaPropertiesResolver,94,0,6,0,21,0,11,0,8,0
Ogham Core,fr.sii.ogham.core.exception.convert,ConversionException,13,0,0,0,6,0,3,0,3,0
Ogham Core,fr.sii.ogham.core.resource.path,LookupAwareRelativePathResolver,234,0,34,0,44,0,26,0,9,0
Ogham Core,fr.sii.ogham.core.resource.path,RelativePath,85,0,0,0,15,0,8,0,8,0
Ogham Core,fr.sii.ogham.core.resource.path,ResolvedResourcePath,52,36,0,0,4,9,4,3,4,3
Ogham Core,fr.sii.ogham.core.resource.path,LookupAwareRelativePathResolver.LookupMetadata,25,0,2,0,9,0,5,0,4,0
Ogham Core,fr.sii.ogham.core.resource.path,ResolvedString,36,0,0,0,10,0,6,0,6,0
Ogham Core,fr.sii.ogham.core.resource.path,UnresolvedPath,22,25,0,0,2,7,2,3,2,3
Ogham Core,fr.sii.ogham.core.condition.fluent,MessageConditions,6,33,0,0,2,10,2,10,2,10
Ogham Core,fr.sii.ogham.core.condition.fluent,FluentCondition,4,75,0,4,1,14,1,6,1,4
Ogham Core,fr.sii.ogham.core.condition.fluent,Conditions,13,85,0,0,2,10,2,10,2,10
Ogham Core,fr.sii.ogham.core.mimetype.replace,FirstMatchingMimetypeReplacer,30,0,4,0,9,0,4,0,2,0
Ogham Core,fr.sii.ogham.core.mimetype.replace,PatternMimetypeReplacer,37,0,2,0,12,0,5,0,4,0
Ogham Core,fr.sii.ogham.core.mimetype.replace,ContainsMimetypeReplacer,43,0,8,0,12,0,7,0,3,0
